AlarmClock/build/outputs/logs/manifest-merger-debug-report.txt
-- Merging decision tree log ---
manifest
ADDED from AndroidManifest.xml:2:1-99:12
	xmlns:android
		ADDED from AndroidManifest.xml:2:11-69
	package
		ADDED from AndroidManifest.xml:3:5-27
	android:versionName
		ADDED from AndroidManifest.xml:5:5-30
	android:versionCode
		ADDED from AndroidManifest.xml:4:5-28
		INJECTED from AndroidManifest.xml
		INJECTED from AndroidManifest.xml
uses-sdk
ADDED from AndroidManifest.xml:7:5-9:41
	android:targetSdkVersion
		ADDED from AndroidManifest.xml:9:9-38
	android:minSdkVersion
		ADDED from AndroidManifest.xml:8:9-35
uses-permission#android.permission.WAKE_LOCK
ADDED from AndroidManifest.xml:12:5-68
	android:name
		ADDED from AndroidManifest.xml:12:22-65
uses-permission#android.permission.DISABLE_KEYGUARD
ADDED from AndroidManifest.xml:13:5-75
	android:name
		ADDED from AndroidManifest.xml:13:22-72
uses-permission#android.permission.VIBRATE
ADDED from AndroidManifest.xml:14:5-66
	android:name
		ADDED from AndroidManifest.xml:14:22-63
uses-permission#android.permission.RECEIVE_BOOT_COMPLETED
ADDED from AndroidManifest.xml:15:5-81
	android:name
		ADDED from AndroidManifest.xml:15:22-78
uses-permission#android.permission.WRITE_EXTERNAL_STORAGE
ADDED from AndroidManifest.xml:16:5-81
	android:name
		ADDED from AndroidManifest.xml:16:22-78
uses-permission#android.permission.READ_PHONE_STATE
ADDED from AndroidManifest.xml:17:5-75
	android:name
		ADDED from AndroidManifest.xml:17:22-72
android:uses-permission#android.permission.READ_EXTERNAL_STORAGE
ADDED from AndroidManifest.xml:19:5-88
	android:name
		ADDED from AndroidManifest.xml:19:30-85
application
ADDED from AndroidManifest.xml:21:5-97:19
	android:label
		ADDED from AndroidManifest.xml:25:9-41
	android:allowBackup
		ADDED from AndroidManifest.xml:23:9-35
	android:icon
		ADDED from AndroidManifest.xml:24:9-38
	android:theme
		ADDED from AndroidManifest.xml:26:9-40
	android:name
		ADDED from AndroidManifest.xml:22:9-45
activity#com.honliv.z.activity.WelcomeActivity
ADDED from AndroidManifest.xml:27:9-35:20
	android:theme
		ADDED from AndroidManifest.xml:29:13-77
	android:name
		ADDED from AndroidManifest.xml:28:13-53
intent-filter#android.intent.action.MAIN+android.intent.category.LAUNCHER
ADDED from AndroidManifest.xml:30:13-34:29
action#android.intent.action.MAIN
ADDED from AndroidManifest.xml:31:17-69
	android:name
		ADDED from AndroidManifest.xml:31:25-66
category#android.intent.category.LAUNCHER
ADDED from AndroidManifest.xml:33:17-77
	android:name
		ADDED from AndroidManifest.xml:33:27-74
activity#com.honliv.z.activity.MainActivity
ADDED from AndroidManifest.xml:36:9-41:52
	android:screenOrientation
		ADDED from AndroidManifest.xml:40:13-49
	android:label
		ADDED from AndroidManifest.xml:38:13-45
	android:theme
		ADDED from AndroidManifest.xml:41:13-49
	android:name
		ADDED from AndroidManifest.xml:37:13-50
	android:launchMode
		ADDED from AndroidManifest.xml:39:13-44
activity#com.honliv.z.activity.AlarmDealActivity
ADDED from AndroidManifest.xml:42:9-46:57
	android:windowSoftInputMode
		ADDED from AndroidManifest.xml:46:13-54
	android:screenOrientation
		ADDED from AndroidManifest.xml:45:13-49
	android:label
		ADDED from AndroidManifest.xml:44:13-45
	android:name
		ADDED from AndroidManifest.xml:43:13-55
activity#com.honliv.z.activity.NewClockActivity
ADDED from AndroidManifest.xml:47:9-50:52
	android:screenOrientation
		ADDED from AndroidManifest.xml:50:13-49
	android:label
		ADDED from AndroidManifest.xml:49:13-45
	android:name
		ADDED from AndroidManifest.xml:48:13-54
activity#com.honliv.z.activity.SelectBellActivity
ADDED from AndroidManifest.xml:51:9-54:52
	android:screenOrientation
		ADDED from AndroidManifest.xml:54:13-49
	android:label
		ADDED from AndroidManifest.xml:53:13-45
	android:name
		ADDED from AndroidManifest.xml:52:13-56
activity#com.honliv.z.activity.SettingActivity
ADDED from AndroidManifest.xml:55:9-58:52
	android:screenOrientation
		ADDED from AndroidManifest.xml:58:13-49
	android:label
		ADDED from AndroidManifest.xml:57:13-45
	android:name
		ADDED from AndroidManifest.xml:56:13-53
activity#com.honliv.z.activity.TimeCountActivity
ADDED from AndroidManifest.xml:59:9-62:52
	android:screenOrientation
		ADDED from AndroidManifest.xml:62:13-49
	android:label
		ADDED from AndroidManifest.xml:61:13-45
	android:name
		ADDED from AndroidManifest.xml:60:13-55
receiver#com.honliv.z.common.AlarmReceiver
ADDED from AndroidManifest.xml:64:9-71:20
	android:name
		ADDED from AndroidManifest.xml:64:19-55
intent-filter#android.intent.action.ALARM_RECEIVER+android.intent.action.BOOT_COMPLETED+android.intent.category.DEFAULT
ADDED from AndroidManifest.xml:65:13-70:29
action#android.intent.action.ALARM_RECEIVER
ADDED from AndroidManifest.xml:66:17-79
	android:name
		ADDED from AndroidManifest.xml:66:25-76
action#android.intent.action.BOOT_COMPLETED
ADDED from AndroidManifest.xml:67:17-79
	android:name
		ADDED from AndroidManifest.xml:67:25-76
category#android.intent.category.DEFAULT
ADDED from AndroidManifest.xml:69:17-76
	android:name
		ADDED from AndroidManifest.xml:69:27-73
provider#com.honliv.z.common.AlarmProvider
ADDED from AndroidManifest.xml:73:9-75:71
	android:authorities
		ADDED from AndroidManifest.xml:75:13-68
	android:name
		ADDED from AndroidManifest.xml:74:13-49
service#com.honliv.z.common.AlarmService
ADDED from AndroidManifest.xml:77:9-56
	android:name
		ADDED from AndroidManifest.xml:77:18-53
activity#com.tencent.connect.common.AssistActivity
ADDED from AndroidManifest.xml:79:9-83:75
	android:screenOrientation
		ADDED from AndroidManifest.xml:82:13-49
	android:configChanges
		ADDED from AndroidManifest.xml:81:13-74
	android:theme
		ADDED from AndroidManifest.xml:83:13-72
	android:name
		ADDED from AndroidManifest.xml:80:13-69
meta-data#InstallChannel
ADDED from AndroidManifest.xml:85:9-87:44
	android:name
		ADDED from AndroidManifest.xml:86:13-42
	android:value
		ADDED from AndroidManifest.xml:87:13-41
activity#com.honliv.z.activity.CalendarActivity
ADDED from AndroidManifest.xml:89:9-92:20
	android:label
		ADDED from AndroidManifest.xml:91:13-60
	android:name
		ADDED from AndroidManifest.xml:90:13-54
activity#com.honliv.z.activity.ClockActivity
ADDED from AndroidManifest.xml:93:9-96:20
	android:label
		ADDED from AndroidManifest.xml:95:13-57
	android:name
		ADDED from AndroidManifest.xml:94:13-51